<?xml version="1.0" encoding="UTF-8"?>
<!-- Generated by org.testng.reporters.JUnitXMLReporter -->
<testsuite hostname="JLT01621L" ignored="0" name="Free CRM application testcases" tests="3" failures="0" timestamp="16 Apr 2018 11:41:09 GMT" time="43.359" errors="0">
  <testcase name="loginPageTitleTest" time="0.03" classname="TestCases.LoginPageTest"/>
  <testcase name="crmLogoImageTest" time="0.082" classname="TestCases.LoginPageTest"/>
  <testcase name="loginTest" time="10.139" classname="TestCases.LoginPageTest"/>
</testsuite> <!-- Free CRM application testcases -->
